/0/0/d/00d7fda1e3cc45836f2c8d651aefcc50/1920x1080.jpg
/0/2/b/02bb409d6fc35cca333377db67dca64e/2048x1463.jpg
/0/2/c/02c9451dd7683e1dccc59d7ac9ed302e/2048x1363.jpg
/0/7/1/0711b9eef2bda7370ae57e9436de82b3/1555x1137.jpg
/0/7/6/0769f8371139f839174a41d18a1dd2bc/2048x1463.jpg
/0/8/e/08efe5b697f7773a16b840c8d6463f3f/1200x789.jpg
/0/e/8/0e8c2af59ad42d734954f5744ecc4cb8/2048x1365.jpg
/1/1/5/115207b85eac817360778a6534d8a8c7/2048x1366.jpg
/1/9/2/1929858506370de5d01ded2c9c9ed3d1/320x320.jpg
/1/d/7/1d713a29d3f5fe3953d39363104bfd39/1432x2048.jpg
/2/3/9/239beee92c87082784e22a8eb8c9d0fe/1024x683.jpg
/2/4/e/24e7364c913b7d6fd4e1372934a786c9/2048x1365.jpg
/2/6/4/2648c894af8c0367ca934c3c9069efe3/1024x683.jpg
/2/7/8/27873df3b6fe78f361ce5c2b4ea73f43/2048x1365.jpg
/3/2/f/32f0fcebdff4ad0e2a32098ceb32c85c/2048x1366.jpg
/3/4/4/34452ed4d45866a8bc74634f2b3f5a23/2048x1286.jpg
/3/4/a/34a1fa327a77fdb2e3f513bd2507b3c8/2048x1463.jpg
/3/9/c/39c26adc7093e723311abab485cdc151/2336x3284.jpg
/3/b/1/3b107140c3b3ebe8059481ec2c20f614/2048x1365.jpg
/4/4/7/447ae2f0eb2b366aed49b45710010034/1024x683.jpg
/4/b/5/4b50ea567e7dac99c90323300b2d67a4/1200x750.jpg
/5/3/a/53a35f2d8666c0a704f07d6e417e0767/350x349.jpg
/5/3/e/53ea0c914aa6ce9100ada87b3e6b62af/2048x1365.jpg
/5/5/7/557e4d661b88341db31bddf4a54abddf/995x1000.jpg
/5/6/1/5615a2135f4b7ec6d4121ee4260b9e4b/1920x1080.jpg
/5/a/b/5ab5513c1a380893a0e363250a61493f/2048x1365.jpg
/6/a/3/6a37c17213070ded3061cd0aa20d3a4c/1024x707.jpg
/6/c/8/6c841ef38ceb3b2cfd0cef8d533432e6/2048x1367.jpg
/6/f/d/6fdb86791285cf2f27a89619413440b8/2048x1365.jpg
/7/9/d/79dc6806885291b1d278d9028f6ea1f3/2048x1365.jpg
/7/a/5/7a5c95b4b2312d001184db88452c15a5/351x350.jpg
/7/c/e/7ce322076778a5ff969f9016ca87ee98/2048x1365.jpg
/7/f/6/7f69b547109972aab3f72c3ff17a7bc1/1363x2048.jpg
/8/2/9/829738d46a8f3e90f5567bc1f7455c69/2048x1365.jpg
/8/5/9/8595a9a0f614c607570c2ef06d71add6/1920x1080.jpg
/8/5/a/85a29ec215c9d82f5e350056064eb6e5/1584x879.jpg
/8/8/9/889b8f16d777227557ce03f79b3ceaea/2048x1365.jpg
/9/0/c/90c2ab1ada3bb9b641291738b8baf823/2048x1365.jpg
/9/4/3/943559e7971b5ee9a5d832deee83993d/1200x801.jpg
/9/4/e/94eb8b89c01d2f2255e7ac51f916595e/510x340.jpg
/9/b/1/9b10269f4f1c07359212f7a778daec10/1200x799.jpg
/a/4/e/a4e5955a60171279fe3c0b2db33c0300/1024x682.jpg
/a/5/7/a574eae457031c18a3f5d51e0a6f4caf/500x499.jpg
/a/8/b/a8ba46461efe5a56582f02fe2c6bd183/2048x1365.jpg
/a/9/9/a99a1eeb3f18f28c060fdac00a0904d2/1200x799.jpg
/a/e/8/ae81d978053fd72cffc29a63390fc2e4/1288x724.jpg
/b/7/0/b70f652cc068af16bb3cee07dd01f932/1280x853.jpg
/b/b/d/bbd0dddd7e3cab35526f03c6d130127c/400x598.jpg
/b/e/b/beba5bf87e4a784771e8e84c66a983ef/2048x1367.jpg
/b/f/0/bf049a8448d4cf0de861a99c3f69ed30/2048x1365.jpg
/c/4/c/c4c69fb38759207eb2d8c7831f993da3/1200x675.jpg
/c/5/b/c5b3b69b5e42100fbce71c1c8d5bb77a/820x790.jpg
/c/c/6/cc69466d2f61036991505d67e39b3439/2048x1365.jpg
/c/c/a/cca72c75fd8aa08a00a094f831623151/2048x1366.jpg
/c/d/9/cd9f1d5d22324f036e4619c2752078e9/1806x1200.jpg
/d/1/c/d1ca886b7386600f56c2c82a38611446/2048x1365.jpg
/d/3/1/d3101c8ef8d91f802fe4b4b2ee1c4a55/720x540.jpg
/d/5/c/d5c7e716fc5f9803487890f0056be348/2048x1344.jpg
/d/a/c/daca0249c0ca4b22cedf8f87eee489e1/2048x1365.jpg
/e/0/9/e090b0765fa4a238cfc5c7eacc97caff/2048x1366.jpg
/e/5/2/e520f4ef48205f6a3d641c28eca5dce7/850x566.jpg
/e/6/b/e6bb06cde2124ef172a93355b42d4c95/2048x1463.jpg
/e/b/0/eb004bde38cb2dc1b081179a128a0452/1200x800.jpg
/e/f/a/efa215657558bfd0263a6d4c3bf769a8/600x600.jpg
/f/7/4/f746e56677952f8b5cdaf3c280bbcae3/1366x1372.jpg
/f/9/7/f97abb43321fe05519650844a36c5e99/1024x683.jpg